info it worked if it ends with ok
verbose cli [ 'node', '/home/jeffsu/local/node/bin/npm', 'publish' ]
info using npm@1.0.15
info using node@v0.5.7
verbose config file /home/jeffsu/.npmrc
verbose config file /home/jeffsu/local/node/etc/npmrc
verbose publish [ '.' ]
silly testEngine { name: 'mochiscript',
silly testEngine   description: 'Javascript Dessert',
silly testEngine   keywords: [ 'javascript', 'language', 'mochiscript', 'compiler' ],
silly testEngine   author: { name: 'Jeff Su' },
silly testEngine   version: '0.4.0-pre1',
silly testEngine   licenses: [ { type: 'MIT' } ],
silly testEngine   engines: { node: '>=0.4.0' },
silly testEngine   directories: { lib: './lib/mochiscript' },
silly testEngine   main: './lib/mochiscript/mochiscript',
silly testEngine   bin: {},
silly testEngine   repository: { type: 'git', url: 'git://github.com/jeffsu/mochiscript.git' },
silly testEngine   _npmJsonOpts: 
silly testEngine    { file: 'package.json',
silly testEngine      wscript: false,
silly testEngine      contributors: false,
silly testEngine      serverjs: false },
silly testEngine   _id: 'mochiscript@0.4.0-pre1',
silly testEngine   dependencies: {},
silly testEngine   devDependencies: {},
silly testEngine   _engineSupported: true,
silly testEngine   _npmVersion: '1.0.15',
silly testEngine   _nodeVersion: 'v0.5.7',
silly testEngine   _defaultsLoaded: true,
silly testEngine   path: '/home/jeffsu/workspace/mochiscript/platforms/npm' }
verbose caching package.json
verbose loadDefaults mochiscript@0.4.0-pre1
verbose pack /home/jeffsu/workspace/mochiscript/platforms/npm /tmp/npm-1317054885069/1317054885069-0.3835959939751774/tmp.tgz
verbose mkdir done: /tmp/npm-1317054885069/1317054885069-0.3835959939751774 755
verbose mkdir'ed /tmp/npm-1317054885069/1317054885069-0.3835959939751774
verbose tar about to write tar and gzip it.
silly tar args [ '-cvf',
silly tar args   '-',
silly tar args   'npm/package.json',
silly tar args   'npm/lib/mochiscript/index.js',
silly tar args   'npm/lib/mochiscript/mochiscript.js' ]
verbose success tar -cvf - <file list elided>
verbose success gzip "--stdout"
verbose mkdir done: /tmp/npm-1317054885069/1317054885069-0.3835959939751774/contents/___package.npm 755
verbose unpack_ uid, gid [ undefined, undefined ]
verbose unpackTarget /tmp/npm-1317054885069/1317054885069-0.3835959939751774/contents/package
silly gunzTarPerm modes [ '755', '644' ]
verbose success gzip "--decompress" "--stdout" "/tmp/npm-1317054885069/1317054885069-0.3835959939751774/tmp.tgz"
verbose success tar "-mvxpf" "-" "--no-same-owner" "-C" "/tmp/npm-1317054885069/1317054885069-0.3835959939751774/contents/___package.npm"
silly asyncMap in gTP /tmp/npm-1317054885069/1317054885069-0.3835959939751774/contents/___package.npm/npm/
silly asyncMap in gTP /tmp/npm-1317054885069/1317054885069-0.3835959939751774/contents/___package.npm/npm/package.json
silly asyncMap in gTP /tmp/npm-1317054885069/1317054885069-0.3835959939751774/contents/___package.npm/npm/lib/
silly asyncMap in gTP /tmp/npm-1317054885069/1317054885069-0.3835959939751774/contents/___package.npm/npm/lib/mochiscript/
silly asyncMap in gTP /tmp/npm-1317054885069/1317054885069-0.3835959939751774/contents/___package.npm/npm/lib/mochiscript/index.js
silly asyncMap in gTP /tmp/npm-1317054885069/1317054885069-0.3835959939751774/contents/___package.npm/npm/lib/mochiscript/mochiscript.js
verbose gunzed /tmp/npm-1317054885069/1317054885069-0.3835959939751774/contents/___package.npm/npm
verbose rm'ed /tmp/npm-1317054885069/1317054885069-0.3835959939751774/contents/package
verbose renamed [ '/tmp/npm-1317054885069/1317054885069-0.3835959939751774/contents/___package.npm/npm',
verbose renamed   '/tmp/npm-1317054885069/1317054885069-0.3835959939751774/contents/package' ]
silly testEngine { name: 'mochiscript',
silly testEngine   description: 'Javascript Dessert',
silly testEngine   keywords: [ 'javascript', 'language', 'mochiscript', 'compiler' ],
silly testEngine   author: { name: 'Jeff Su' },
silly testEngine   version: '0.4.0-pre1',
silly testEngine   licenses: [ { type: 'MIT' } ],
silly testEngine   engines: { node: '>=0.4.0' },
silly testEngine   directories: { lib: './lib/mochiscript' },
silly testEngine   main: './lib/mochiscript/mochiscript',
silly testEngine   bin: {},
silly testEngine   repository: { type: 'git', url: 'git://github.com/jeffsu/mochiscript.git' },
silly testEngine   _npmJsonOpts: 
silly testEngine    { file: '/tmp/npm-1317054885069/1317054885069-0.3835959939751774/contents/package/package.json',
silly testEngine      wscript: false,
silly testEngine      contributors: false,
silly testEngine      serverjs: false },
silly testEngine   _id: 'mochiscript@0.4.0-pre1',
silly testEngine   dependencies: {},
silly testEngine   devDependencies: {},
silly testEngine   _engineSupported: true,
silly testEngine   _npmVersion: '1.0.15',
silly testEngine   _nodeVersion: 'v0.5.7',
silly testEngine   _defaultsLoaded: true,
silly testEngine   path: '/tmp/npm-1317054885069/1317054885069-0.3835959939751774/contents/package' }
verbose caching /tmp/npm-1317054885069/1317054885069-0.3835959939751774/contents/package/package.json
verbose loadDefaults mochiscript@0.4.0-pre1
verbose tarball contents [ 'package' ]
verbose from cache /tmp/npm-1317054885069/1317054885069-0.3835959939751774/contents/package/package.json
verbose pack /tmp/npm-1317054885069/1317054885069-0.3835959939751774/contents/package /home/jeffsu/.npm/mochiscript/0.4.0-pre1/package.tgz
verbose mkdir done: /home/jeffsu/.npm/mochiscript/0.4.0-pre1 755
verbose mkdir'ed /home/jeffsu/.npm/mochiscript/0.4.0-pre1
verbose tar about to write tar and gzip it.
silly tar args [ '-cvf',
silly tar args   '-',
silly tar args   'package/package.json',
silly tar args   'package/lib/mochiscript/index.js',
silly tar args   'package/lib/mochiscript/mochiscript.js' ]
verbose success tar -cvf - <file list elided>
verbose success gzip "--stdout"
verbose mkdir done: /home/jeffsu/.npm/mochiscript/0.4.0-pre1/___package.npm 755
verbose unpack_ uid, gid [ undefined, undefined ]
verbose unpackTarget /home/jeffsu/.npm/mochiscript/0.4.0-pre1/package
silly gunzTarPerm modes [ '755', '644' ]
verbose success gzip "--decompress" "--stdout" "/home/jeffsu/.npm/mochiscript/0.4.0-pre1/package.tgz"
verbose success tar "-mvxpf" "-" "--no-same-owner" "-C" "/home/jeffsu/.npm/mochiscript/0.4.0-pre1/___package.npm"
silly asyncMap in gTP /home/jeffsu/.npm/mochiscript/0.4.0-pre1/___package.npm/package/
silly asyncMap in gTP /home/jeffsu/.npm/mochiscript/0.4.0-pre1/___package.npm/package/package.json
silly asyncMap in gTP /home/jeffsu/.npm/mochiscript/0.4.0-pre1/___package.npm/package/lib/
silly asyncMap in gTP /home/jeffsu/.npm/mochiscript/0.4.0-pre1/___package.npm/package/lib/mochiscript/
silly asyncMap in gTP /home/jeffsu/.npm/mochiscript/0.4.0-pre1/___package.npm/package/lib/mochiscript/index.js
silly asyncMap in gTP /home/jeffsu/.npm/mochiscript/0.4.0-pre1/___package.npm/package/lib/mochiscript/mochiscript.js
verbose gunzed /home/jeffsu/.npm/mochiscript/0.4.0-pre1/___package.npm/package
verbose rm'ed /home/jeffsu/.npm/mochiscript/0.4.0-pre1/package
verbose renamed [ '/home/jeffsu/.npm/mochiscript/0.4.0-pre1/___package.npm/package',
verbose renamed   '/home/jeffsu/.npm/mochiscript/0.4.0-pre1/package' ]
silly testEngine { name: 'mochiscript',
silly testEngine   description: 'Javascript Dessert',
silly testEngine   keywords: [ 'javascript', 'language', 'mochiscript', 'compiler' ],
silly testEngine   author: { name: 'Jeff Su' },
silly testEngine   version: '0.4.0-pre1',
silly testEngine   licenses: [ { type: 'MIT' } ],
silly testEngine   engines: { node: '>=0.4.0' },
silly testEngine   directories: { lib: './lib/mochiscript' },
silly testEngine   main: './lib/mochiscript/mochiscript',
silly testEngine   bin: {},
silly testEngine   repository: { type: 'git', url: 'git://github.com/jeffsu/mochiscript.git' },
silly testEngine   _npmJsonOpts: 
silly testEngine    { file: '/home/jeffsu/.npm/mochiscript/0.4.0-pre1/package/package.json',
silly testEngine      wscript: false,
silly testEngine      contributors: false,
silly testEngine      serverjs: false },
silly testEngine   _id: 'mochiscript@0.4.0-pre1',
silly testEngine   dependencies: {},
silly testEngine   devDependencies: {},
silly testEngine   _engineSupported: true,
silly testEngine   _npmVersion: '1.0.15',
silly testEngine   _nodeVersion: 'v0.5.7',
silly testEngine   _defaultsLoaded: true,
silly testEngine   dist: 
silly testEngine    { shasum: 'e09ce39be1515cfd94146424c75310e329649485',
silly testEngine      tarball: 'http://registry.npmjs.org/mochiscript/-/mochiscript-0.4.0-pre1.tgz' },
silly testEngine   scripts: {} }
verbose caching /home/jeffsu/.npm/mochiscript/0.4.0-pre1/package/package.json
verbose loadDefaults mochiscript@0.4.0-pre1
silly updated sha bytes 6943
info shasum e09ce39be1515cfd94146424c75310e329649485
info shasum /home/jeffsu/.npm/mochiscript/0.4.0-pre1/package.tgz
verbose from cache /home/jeffsu/.npm/mochiscript/0.4.0-pre1/package/package.json
verbose chmod /home/jeffsu/.npm/mochiscript/0.4.0-pre1/package.tgz 644
silly publish { name: 'mochiscript',
silly publish   description: 'Javascript Dessert',
silly publish   keywords: [ 'javascript', 'language', 'mochiscript', 'compiler' ],
silly publish   author: { name: 'Jeff Su' },
silly publish   version: '0.4.0-pre1',
silly publish   licenses: [ { type: 'MIT' } ],
silly publish   engines: { node: '>=0.4.0' },
silly publish   directories: { lib: './lib/mochiscript' },
silly publish   main: './lib/mochiscript/mochiscript',
silly publish   bin: {},
silly publish   repository: { type: 'git', url: 'git://github.com/jeffsu/mochiscript.git' },
silly publish   _npmJsonOpts: 
silly publish    { file: '/home/jeffsu/.npm/mochiscript/0.4.0-pre1/package/package.json',
silly publish      wscript: false,
silly publish      contributors: false,
silly publish      serverjs: false },
silly publish   _id: 'mochiscript@0.4.0-pre1',
silly publish   dependencies: {},
silly publish   devDependencies: {},
silly publish   _engineSupported: true,
silly publish   _npmVersion: '1.0.15',
silly publish   _nodeVersion: 'v0.5.7',
silly publish   _defaultsLoaded: true,
silly publish   dist: 
silly publish    { shasum: 'e09ce39be1515cfd94146424c75310e329649485',
silly publish      tarball: 'http://registry.npmjs.org/mochiscript/-/mochiscript-0.4.0-pre1.tgz' },
silly publish   scripts: {} }
info prepublish mochiscript@0.4.0-pre1
verbose PUT mochiscript
verbose raw, before any munging mochiscript
verbose url resolving [ 'http://registry.npmjs.org/', './mochiscript' ]
verbose url resolved http://registry.npmjs.org/mochiscript
verbose url parsed { protocol: 'http:',
verbose url parsed   slashes: true,
verbose url parsed   host: 'registry.npmjs.org',
verbose url parsed   hostname: 'registry.npmjs.org',
verbose url parsed   href: 'http://registry.npmjs.org/mochiscript',
verbose url parsed   pathname: '/mochiscript' }
WARN Sending authorization over insecure channel.
silly writing json { _id: 'mochiscript',
silly writing json   name: 'mochiscript',
silly writing json   description: 'Javascript Dessert',
silly writing json   'dist-tags': {},
silly writing json   versions: {},
silly writing json   maintainers: [ { name: 'jeffsu', email: 'me@jeffsu.com' } ] }
verbose response http://registry.npmjs.org/mochiscript
silly chunk {"error":"conflict","reason":"Document update conflict."}
silly chunk 
verbose GET mochiscript
verbose raw, before any munging mochiscript
verbose url resolving [ 'http://registry.npmjs.org/', './mochiscript' ]
verbose url resolved http://registry.npmjs.org/mochiscript
verbose url parsed { protocol: 'http:',
verbose url parsed   slashes: true,
verbose url parsed   host: 'registry.npmjs.org',
verbose url parsed   hostname: 'registry.npmjs.org',
verbose url parsed   href: 'http://registry.npmjs.org/mochiscript',
verbose url parsed   pathname: '/mochiscript' }
verbose response http://registry.npmjs.org/mochiscript
silly chunk {"_id":"mochiscript","_rev":"3-e51d555d4a3ba2c4376a7f568739cb48","name":"mochiscript","description":"Javascript Dessert","dist-tags":{"latest":"0.4.0-pre1"},"versions":{"0.4.0-pre1":{"name":"mochiscript","description":"Javascript Dessert","keywords":["javascript","language","mochiscript","compiler"],"author":{"name":"Jeff Su"},"version":"0.4.0-pre1","licenses":[{"type":"MIT"}],"engines":{"node":">=0.4.0"},"directories":{"lib":"./lib/mochiscript"},"main":"./lib/mochiscript/mochiscript","bin":{},"repository":{"type":"git","url":"git://github.com/jeffsu/mochiscript.git"},"_npmJsonOpts":{"file":"/Users/jeffsu/.npm/mochiscript/0.4.0-pre1/package/package.json","wscript":false,"contributors":false,"serverjs":false},"_id":"mochiscript@0.4.0-pre1","dependencies":{},"devDependencies":{},"_engineSupported":true,"_npmVersion":"1.0.22","_nodeVersion":"v0.5.3-pre","_defaultsLoaded":true,"dist":{"shasum":"58bb9a12d36a8c27efa57d27e08e0b7ceadff593","tarball":"http://registry.npmjs.org/mochiscript/-/mochiscript-0.4.0-pre1.tgz"},"scripts":{},"maintainers":[{"name":"jeffsu","email":"me@jeffsu.com"}]}},"maintainers":[{"name":"jeffsu","email":"me@jeffsu.com"}],"time":{"0.4.0-pre1":"2011-09-26T05:53:39.144Z"},"author":{"name":"Jeff Su"},"repository":{"type":"gi
silly chunk t","url":"git://github.com/jeffsu/mochiscript.git"}}
info Already published mochiscript@0.4.0-pre1
verbose uploading bin dists []
ERR! publish fail Cannot publish over existing version.
ERR! publish fail Bump the 'version' field, set the --force flag, or
ERR! publish fail     npm unpublish 'mochiscript@0.4.0-pre1'
ERR! publish fail and try again
ERR! 
ERR! System Linux 2.6.38-11-generic
ERR! command "node" "/home/jeffsu/local/node/bin/npm" "publish"
verbose exit [ 1, true ]
